Added Component: Designator=ArduinoNano1(Arduino Nano)
Add component (AddParameter): Name = "Value"; Value = "Cau 1A"; VariantName = "[No Variations]"
Added Component: Designator=IC1(DIP8/W0.3)
Added Pin To Net: NetName=GND Pin=IC1-5
Added Net: Name=GND
Added Pin To Net: NetName=MAX485 Pin=ArduinoNano1-D12
Added Pin To Net: NetName=MAX485 Pin=IC1-2
Added Pin To Net: NetName=MAX485 Pin=IC1-3
Added Net: Name=MAX485
Added Pin To Net: NetName=NetArduinoNano1_D2 Pin=ArduinoNano1-D2
Added Net: Name=NetArduinoNano1_D2
Added Pin To Net: NetName=NetArduinoNano1_D3 Pin=ArduinoNano1-D3
Added Net: Name=NetArduinoNano1_D3
Added Pin To Net: NetName=NetArduinoNano1_D4 Pin=ArduinoNano1-D4
Added Net: Name=NetArduinoNano1_D4
Added Pin To Net: NetName=NetArduinoNano1_D5 Pin=ArduinoNano1-D5
Added Net: Name=NetArduinoNano1_D5
Added Pin To Net: NetName=NetArduinoNano1_D6 Pin=ArduinoNano1-D6
Added Net: Name=NetArduinoNano1_D6
Added Pin To Net: NetName=NetArduinoNano1_D7 Pin=ArduinoNano1-D7
Added Net: Name=NetArduinoNano1_D7
Added Pin To Net: NetName=NetArduinoNano1_D8 Pin=ArduinoNano1-D8
Added Net: Name=NetArduinoNano1_D8
Added Pin To Net: NetName=NetArduinoNano1_D9 Pin=ArduinoNano1-D9
Added Net: Name=NetArduinoNano1_D9
Added Pin To Net: NetName=NetArduinoNano1_D13 Pin=ArduinoNano1-D13
Added Net: Name=NetArduinoNano1_D13
Added Pin To Net: NetName=NetArduinoNano1_GND Pin=ArduinoNano1-GND
Added Pin To Net: NetName=NetArduinoNano1_GND Pin=ArduinoNano1-GND
Added Net: Name=NetArduinoNano1_GND
Added Pin To Net: NetName=NetArduinoNano1_VIN Pin=ArduinoNano1-VIN
Added Net: Name=NetArduinoNano1_VIN
Added Pin To Net: NetName=NetIC1_6 Pin=IC1-6
Added Net: Name=NetIC1_6
Added Pin To Net: NetName=NetIC1_7 Pin=IC1-7
Added Net: Name=NetIC1_7
Added Pin To Net: NetName=RX Pin=ArduinoNano1-D10
Added Pin To Net: NetName=RX Pin=IC1-1
Added Net: Name=RX
Added Pin To Net: NetName=TX Pin=ArduinoNano1-D11
Added Pin To Net: NetName=TX Pin=IC1-4
Added Net: Name=TX
Added Pin To Net: NetName=VCC Pin=IC1-8
Added Net: Name=VCC
Added Class: Name=Sheet1
