Removed Pin From Net: NetName=NetIC1_6 Pin=KF3-1
Removed Pin From Net: NetName=NetIC1_7 Pin=KF3-2
Added Component: Designator=C3(tu gom)
Add component (AddParameter): Name = "Chung_Loai"; Value = "C?m"; VariantName = "[No Variations]"
Add component (AddParameter): Name = "Don_Vi"; Value = "Con"; VariantName = "[No Variations]"
Add component (AddParameter): Name = "Kieu_Chan"; Value = ""; VariantName = "[No Variations]"
Add component (AddParameter): Name = "Ma_Hang"; Value = "MH004763"; VariantName = "[No Variations]"
Add component (AddParameter): Name = "So_Chan"; Value = "2"; VariantName = "[No Variations]"
Add component (AddParameter): Name = "Ten_Linh_Kien"; Value = "T? g?m 102 1nF 50V"; VariantName = "[No Variations]"
Added Component: Designator=C4(tu gom)
Add component (AddParameter): Name = "Chung_Loai"; Value = "C?m"; VariantName = "[No Variations]"
Add component (AddParameter): Name = "Don_Vi"; Value = "Con"; VariantName = "[No Variations]"
Add component (AddParameter): Name = "Kieu_Chan"; Value = ""; VariantName = "[No Variations]"
Add component (AddParameter): Name = "Ma_Hang"; Value = "MH000936"; VariantName = "[No Variations]"
Add component (AddParameter): Name = "So_Chan"; Value = "2"; VariantName = "[No Variations]"
Add component (AddParameter): Name = "Ten_Linh_Kien"; Value = "T? g?m 103 10nF 50V"; VariantName = "[No Variations]"
Added Component: Designator=IC2(DIP8/W0.3)
Added Component: Designator=R1(tro vach 1/4w)
Add component (AddParameter): Name = "Chung_Loai"; Value = "C?m"; VariantName = "[No Variations]"
Add component (AddParameter): Name = "Don_Vi"; Value = "Con"; VariantName = "[No Variations]"
Add component (AddParameter): Name = "Kieu_Chan"; Value = ""; VariantName = "[No Variations]"
Add component (AddParameter): Name = "Ma_Hang"; Value = "MH007297"; VariantName = "[No Variations]"
Add component (AddParameter): Name = "So_Chan"; Value = "2"; VariantName = "[No Variations]"
Add component (AddParameter): Name = "Ten_Linh_Kien"; Value = "Tr? V?ch 1/4w 5% 20k"; VariantName = "[No Variations]"
Added Component: Designator=R3(tro vach 1/4w)
Add component (AddParameter): Name = "Chung_Loai"; Value = "C?m"; VariantName = "[No Variations]"
Add component (AddParameter): Name = "Don_Vi"; Value = "Con"; VariantName = "[No Variations]"
Add component (AddParameter): Name = "Kieu_Chan"; Value = ""; VariantName = "[No Variations]"
Add component (AddParameter): Name = "Ma_Hang"; Value = "MH007388"; VariantName = "[No Variations]"
Add component (AddParameter): Name = "So_Chan"; Value = "2"; VariantName = "[No Variations]"
Add component (AddParameter): Name = "Ten_Linh_Kien"; Value = "Tr? V?ch 1/4W 5% 120R"; VariantName = "[No Variations]"
Added Component: Designator=R5(tro vach 1/4w)
Add component (AddParameter): Name = "Chung_Loai"; Value = "C?m"; VariantName = "[No Variations]"
Add component (AddParameter): Name = "Don_Vi"; Value = "Con"; VariantName = "[No Variations]"
Add component (AddParameter): Name = "Kieu_Chan"; Value = ""; VariantName = "[No Variations]"
Add component (AddParameter): Name = "Ma_Hang"; Value = "MH007297"; VariantName = "[No Variations]"
Add component (AddParameter): Name = "So_Chan"; Value = "2"; VariantName = "[No Variations]"
Add component (AddParameter): Name = "Ten_Linh_Kien"; Value = "Tr? V?ch 1/4w 5% 20k"; VariantName = "[No Variations]"
Added Component: Designator=R8(tro vach 1/4w)
Add component (AddParameter): Name = "Chung_Loai"; Value = "C?m"; VariantName = "[No Variations]"
Add component (AddParameter): Name = "Don_Vi"; Value = "Con"; VariantName = "[No Variations]"
Add component (AddParameter): Name = "Kieu_Chan"; Value = ""; VariantName = "[No Variations]"
Add component (AddParameter): Name = "Ma_Hang"; Value = "MH007390"; VariantName = "[No Variations]"
Add component (AddParameter): Name = "So_Chan"; Value = "2"; VariantName = "[No Variations]"
Add component (AddParameter): Name = "Ten_Linh_Kien"; Value = "Tr? V?ch 1/4w 5% 1k"; VariantName = "[No Variations]"
Added Component: Designator=RN2(RN4)
Add component (AddParameter): Name = "Value"; Value = "Tro thanh 4K7"; VariantName = "[No Variations]"
Added Pin To Net: NetName=VCC Pin=C3-1
Added Pin To Net: NetName=GND Pin=C3-2
Added Pin To Net: NetName=VCC Pin=C4-1
Added Pin To Net: NetName=GND Pin=C4-2
Added Pin To Net: NetName=GND Pin=IC2-5
Added Pin To Net: NetName=VCC Pin=IC2-8
Added Pin To Net: NetName=VCC Pin=R1-2
Added Pin To Net: NetName=GND Pin=R5-1
Added Pin To Net: NetName=GND Pin=R8-1
Added Pin To Net: NetName=VCC Pin=R8-2
Added Pin To Net: NetName=VCC Pin=RN2-1
Added Pin To Net: NetName=MAX485_0 Pin=ArduinoNano1-A0
Added Pin To Net: NetName=MAX485_0 Pin=IC2-2
Added Pin To Net: NetName=MAX485_0 Pin=IC2-3
Added Pin To Net: NetName=MAX485_0 Pin=RN2-3
Added Pin To Net: NetName=MAX485_0 Pin=RN2-4
Added Net: Name=MAX485_0
Added Pin To Net: NetName=NetIC2_6 Pin=IC2-6
Added Pin To Net: NetName=NetIC2_6 Pin=KF3-1
Added Pin To Net: NetName=NetIC2_6 Pin=R1-1
Added Pin To Net: NetName=NetIC2_6 Pin=R3-1
Added Net: Name=NetIC2_6
Added Pin To Net: NetName=NetIC2_7 Pin=IC2-7
Added Pin To Net: NetName=NetIC2_7 Pin=KF3-2
Added Pin To Net: NetName=NetIC2_7 Pin=R3-2
Added Pin To Net: NetName=NetIC2_7 Pin=R5-2
Added Net: Name=NetIC2_7
Added Pin To Net: NetName=RX_0 Pin=ArduinoNano1-RX0
Added Pin To Net: NetName=RX_0 Pin=IC2-1
Added Pin To Net: NetName=RX_0 Pin=RN2-5
Added Net: Name=RX_0
Added Pin To Net: NetName=TX_0 Pin=ArduinoNano1-TX1
Added Pin To Net: NetName=TX_0 Pin=IC2-4
Added Pin To Net: NetName=TX_0 Pin=RN2-2
Added Net: Name=TX_0
Added Member To Class: ClassName=Sheet1 Member=Component C3 102
Added Member To Class: ClassName=Sheet1 Member=Component C4 103
Added Member To Class: ClassName=Sheet1 Member=Component IC2 MAX485
Added Member To Class: ClassName=Sheet1 Member=Component R1 20k
Added Member To Class: ClassName=Sheet1 Member=Component R3 120R
Added Member To Class: ClassName=Sheet1 Member=Component R5 20k
Added Member To Class: ClassName=Sheet1 Member=Component R8 1k
Added Member To Class: ClassName=Sheet1 Member=Component RN2 10k
